{"level":"info","message":"成功连接到SQLite数据库","module":"database","service":"video-editor","timestamp":"2025-03-24 02:18:33"}
{"level":"info","message":"迁移表创建成功或已存在","module":"migration","service":"video-editor","timestamp":"2025-03-24 02:18:34"}
{"level":"info","message":"执行迁移: 001_create_users_table.js","module":"migration","service":"video-editor","timestamp":"2025-03-24 02:18:34"}
{"level":"info","message":"迁移 001_create_users_table.js 标记为已执行","module":"migration","service":"video-editor","timestamp":"2025-03-24 02:18:34"}
{"level":"info","message":"迁移 001_create_users_table.js 完成","module":"migration","service":"video-editor","timestamp":"2025-03-24 02:18:34"}
{"level":"info","message":"执行迁移: 002_create_videos_table.js","module":"migration","service":"video-editor","timestamp":"2025-03-24 02:18:34"}
{"level":"info","message":"迁移 002_create_videos_table.js 标记为已执行","module":"migration","service":"video-editor","timestamp":"2025-03-24 02:18:34"}
{"level":"info","message":"迁移 002_create_videos_table.js 完成","module":"migration","service":"video-editor","timestamp":"2025-03-24 02:18:34"}
{"level":"info","message":"执行迁移: 003_create_templates_table.js","module":"migration","service":"video-editor","timestamp":"2025-03-24 02:18:34"}
{"level":"info","message":"迁移 003_create_templates_table.js 标记为已执行","module":"migration","service":"video-editor","timestamp":"2025-03-24 02:18:34"}
{"level":"info","message":"迁移 003_create_templates_table.js 完成","module":"migration","service":"video-editor","timestamp":"2025-03-24 02:18:34"}
{"level":"info","message":"执行迁移: 004_create_favorites_table.js","module":"migration","service":"video-editor","timestamp":"2025-03-24 02:18:34"}
{"level":"info","message":"迁移 004_create_favorites_table.js 标记为已执行","module":"migration","service":"video-editor","timestamp":"2025-03-24 02:18:34"}
{"level":"info","message":"迁移 004_create_favorites_table.js 完成","module":"migration","service":"video-editor","timestamp":"2025-03-24 02:18:34"}
{"level":"info","message":"执行迁移: 005_create_likes_table.js","module":"migration","service":"video-editor","timestamp":"2025-03-24 02:18:34"}
{"level":"info","message":"迁移 005_create_likes_table.js 标记为已执行","module":"migration","service":"video-editor","timestamp":"2025-03-24 02:18:34"}
{"level":"info","message":"迁移 005_create_likes_table.js 完成","module":"migration","service":"video-editor","timestamp":"2025-03-24 02:18:34"}
{"level":"info","message":"执行迁移: 006_create_categories_table.js","module":"migration","service":"video-editor","timestamp":"2025-03-24 02:18:34"}
{"level":"info","message":"迁移 006_create_categories_table.js 标记为已执行","module":"migration","service":"video-editor","timestamp":"2025-03-24 02:18:34"}
{"level":"info","message":"迁移 006_create_categories_table.js 完成","module":"migration","service":"video-editor","timestamp":"2025-03-24 02:18:34"}
{"level":"info","message":"所有迁移执行完毕","module":"migration","service":"video-editor","timestamp":"2025-03-24 02:18:34"}
{"level":"info","message":"数据库连接已关闭","module":"database","service":"video-editor","timestamp":"2025-03-24 02:18:34"}
{"level":"info","message":"成功连接到SQLite数据库","module":"database","service":"video-editor","timestamp":"2025-03-24 02:18:52"}
{"level":"info","message":"迁移表创建成功或已存在","module":"migration","service":"video-editor","timestamp":"2025-03-24 02:18:52"}
{"level":"info","message":"迁移 001_create_users_table.js 已执行，跳过","module":"migration","service":"video-editor","timestamp":"2025-03-24 02:18:52"}
{"level":"info","message":"迁移 002_create_videos_table.js 已执行，跳过","module":"migration","service":"video-editor","timestamp":"2025-03-24 02:18:52"}
{"level":"info","message":"迁移 003_create_templates_table.js 已执行，跳过","module":"migration","service":"video-editor","timestamp":"2025-03-24 02:18:52"}
{"level":"info","message":"迁移 004_create_favorites_table.js 已执行，跳过","module":"migration","service":"video-editor","timestamp":"2025-03-24 02:18:52"}
{"level":"info","message":"迁移 005_create_likes_table.js 已执行，跳过","module":"migration","service":"video-editor","timestamp":"2025-03-24 02:18:52"}
{"level":"info","message":"迁移 006_create_categories_table.js 已执行，跳过","module":"migration","service":"video-editor","timestamp":"2025-03-24 02:18:52"}
{"level":"info","message":"所有迁移执行完毕","module":"migration","service":"video-editor","timestamp":"2025-03-24 02:18:52"}
{"level":"info","message":"数据库连接已关闭","module":"database","service":"video-editor","timestamp":"2025-03-24 02:18:52"}
{"level":"info","message":"成功连接到SQLite数据库","module":"database","service":"video-editor","timestamp":"2025-03-24 02:19:01"}
{"level":"info","message":"服务器运行在端口: 3000","module":"app","service":"video-editor","timestamp":"2025-03-24 02:19:00"}
{"level":"info","message":"::1 - - [23/Mar/2025:18:19:09 +0000] \"GET / HTTP/1.1\" 200 47 \"-\" \"Mozilla/5.0 (Windows NT 10.0; Win64; x64) AppleWebKit/537.36 (KHTML, like Gecko) Chrome/122.0.6261.95 Safari/537.36\"","module":"app","service":"video-editor","timestamp":"2025-03-24 02:19:09"}
{"level":"info","message":"成功连接到SQLite数据库","module":"database","service":"video-editor","timestamp":"2025-03-24 02:22:15"}
{"level":"info","message":"服务器运行在端口: 3000","module":"app","service":"video-editor","timestamp":"2025-03-24 02:22:15"}
{"level":"info","message":"创建默认管理员账号...","module":"app","service":"video-editor","timestamp":"2025-03-24 02:22:15"}
{"level":"info","message":"新用户创建成功: admin, ID: 1","module":"user-model","service":"video-editor","timestamp":"2025-03-24 02:22:15"}
{"level":"info","message":"默认管理员账号创建成功","module":"app","service":"video-editor","timestamp":"2025-03-24 02:22:15"}
{"level":"info","message":"成功连接到SQLite数据库","module":"database","service":"video-editor","timestamp":"2025-03-24 02:23:14"}
{"level":"info","message":"服务器运行在端口: 3000","module":"app","service":"video-editor","timestamp":"2025-03-24 02:23:13"}
{"level":"info","message":"::1 - - [23/Mar/2025:18:23:16 +0000] \"GET / HTTP/1.1\" 304 - \"-\" \"Mozilla/5.0 (Windows NT 10.0; Win64; x64) AppleWebKit/537.36 (KHTML, like Gecko) Chrome/122.0.6261.95 Safari/537.36\"","module":"app","service":"video-editor","timestamp":"2025-03-24 02:23:16"}
{"level":"info","message":"::1 - - [23/Mar/2025:18:23:18 +0000] \"GET /favicon.ico HTTP/1.1\" 404 150 \"-\" \"Mozilla/5.0 (Windows NT 10.0; Win64; x64) AppleWebKit/537.36 (KHTML, like Gecko) Chrome/122.0.6261.95 Safari/537.36\"","module":"app","service":"video-editor","timestamp":"2025-03-24 02:23:18"}
{"level":"info","message":"::1 - - [23/Mar/2025:18:23:19 +0000] \"GET /favicon.ico HTTP/1.1\" 404 150 \"-\" \"Mozilla/5.0 (Windows NT 10.0; Win64; x64) AppleWebKit/537.36 (KHTML, like Gecko) Chrome/122.0.6261.95 Safari/537.36\"","module":"app","service":"video-editor","timestamp":"2025-03-24 02:23:19"}
{"level":"info","message":"::1 - - [23/Mar/2025:18:23:19 +0000] \"GET /admin HTTP/1.1\" 404 144 \"-\" \"Mozilla/5.0 (Windows NT 10.0; Win64; x64) AppleWebKit/537.36 (KHTML, like Gecko) Chrome/122.0.6261.95 Safari/537.36\"","module":"app","service":"video-editor","timestamp":"2025-03-24 02:23:19"}
{"level":"info","message":"::1 - - [23/Mar/2025:18:23:43 +0000] \"GET /admin HTTP/1.1\" 404 144 \"-\" \"Mozilla/5.0 (Windows NT 10.0; Win64; x64) AppleWebKit/537.36 (KHTML, like Gecko) Chrome/122.0.6261.95 Safari/537.36\"","module":"app","service":"video-editor","timestamp":"2025-03-24 02:23:43"}
{"level":"info","message":"成功连接到SQLite数据库","module":"database","service":"video-editor","timestamp":"2025-03-24 02:25:31"}
{"level":"info","message":"服务器运行在端口: 3000","module":"app","service":"video-editor","timestamp":"2025-03-24 02:25:31"}
{"level":"info","message":"::1 - - [23/Mar/2025:18:25:35 +0000] \"GET /admin HTTP/1.1\" 301 155 \"-\" \"Mozilla/5.0 (Windows NT 10.0; Win64; x64) AppleWebKit/537.36 (KHTML, like Gecko) Chrome/122.0.6261.95 Safari/537.36\"","module":"app","service":"video-editor","timestamp":"2025-03-24 02:25:35"}
{"level":"info","message":"::1 - - [23/Mar/2025:18:25:35 +0000] \"GET /admin/ HTTP/1.1\" 200 4789 \"-\" \"Mozilla/5.0 (Windows NT 10.0; Win64; x64) AppleWebKit/537.36 (KHTML, like Gecko) Chrome/122.0.6261.95 Safari/537.36\"","module":"app","service":"video-editor","timestamp":"2025-03-24 02:25:35"}
{"level":"info","message":"::1 - - [23/Mar/2025:18:25:59 +0000] \"GET /admin/? HTTP/1.1\" 200 4789 \"-\" \"Mozilla/5.0 (Windows NT 10.0; Win64; x64) AppleWebKit/537.36 (KHTML, like Gecko) Chrome/122.0.6261.95 Safari/537.36\"","module":"app","service":"video-editor","timestamp":"2025-03-24 02:25:59"}
{"level":"info","message":"成功连接到SQLite数据库","module":"database","service":"video-editor","timestamp":"2025-03-24 02:26:34"}
{"level":"info","message":"服务器运行在端口: 3000","module":"app","service":"video-editor","timestamp":"2025-03-24 02:26:34"}
{"level":"info","message":"成功连接到SQLite数据库","module":"database","service":"video-editor","timestamp":"2025-03-24 02:26:38"}
{"level":"info","message":"服务器运行在端口: 3000","module":"app","service":"video-editor","timestamp":"2025-03-24 02:26:38"}
{"level":"info","message":"::1 - - [23/Mar/2025:18:26:45 +0000] \"GET /admin/? HTTP/1.1\" 304 - \"-\" \"Mozilla/5.0 (Windows NT 10.0; Win64; x64) AppleWebKit/537.36 (KHTML, like Gecko) Chrome/122.0.6261.95 Safari/537.36\"","module":"app","service":"video-editor","timestamp":"2025-03-24 02:26:45"}
{"level":"info","message":"成功连接到SQLite数据库","module":"database","service":"video-editor","timestamp":"2025-03-24 02:26:58"}
{"level":"info","message":"服务器运行在端口: 3000","module":"app","service":"video-editor","timestamp":"2025-03-24 02:26:58"}
{"level":"info","message":"::1 - - [23/Mar/2025:18:27:05 +0000] \"GET /admin/? HTTP/1.1\" 304 - \"-\" \"Mozilla/5.0 (Windows NT 10.0; Win64; x64) AppleWebKit/537.36 (KHTML, like Gecko) Chrome/122.0.6261.95 Safari/537.36\"","module":"app","service":"video-editor","timestamp":"2025-03-24 02:27:05"}
{"level":"info","message":"成功连接到SQLite数据库","module":"database","service":"video-editor","timestamp":"2025-03-24 02:27:53"}
{"level":"info","message":"服务器运行在端口: 3000","module":"app","service":"video-editor","timestamp":"2025-03-24 02:27:52"}
{"level":"info","message":"成功连接到SQLite数据库","module":"database","service":"video-editor","timestamp":"2025-03-24 02:27:56"}
{"level":"info","message":"服务器运行在端口: 3000","module":"app","service":"video-editor","timestamp":"2025-03-24 02:27:56"}
{"level":"info","message":"::1 - - [23/Mar/2025:18:28:02 +0000] \"GET /admin/? HTTP/1.1\" 304 - \"-\" \"Mozilla/5.0 (Windows NT 10.0; Win64; x64) AppleWebKit/537.36 (KHTML, like Gecko) Chrome/122.0.6261.95 Safari/537.36\"","module":"app","service":"video-editor","timestamp":"2025-03-24 02:28:02"}
{"level":"info","message":"成功连接到SQLite数据库","module":"database","service":"video-editor","timestamp":"2025-03-24 02:28:12"}
{"level":"info","message":"服务器运行在端口: 3000","module":"app","service":"video-editor","timestamp":"2025-03-24 02:28:12"}
{"level":"info","message":"::ffff:127.0.0.1 - - [23/Mar/2025:18:28:12 +0000] \"GET /admin/? HTTP/1.1\" 200 2854 \"-\" \"Mozilla/5.0 (Windows NT 10.0; Win64; x64) AppleWebKit/537.36 (KHTML, like Gecko) Chrome/122.0.6261.95 Safari/537.36\"","module":"app","service":"video-editor","timestamp":"2025-03-24 02:28:12"}
{"level":"info","message":"::ffff:127.0.0.1 - - [23/Mar/2025:18:28:12 +0000] \"GET /admin/login.js HTTP/1.1\" 200 1839 \"-\" \"Mozilla/5.0 (Windows NT 10.0; Win64; x64) AppleWebKit/537.36 (KHTML, like Gecko) Chrome/122.0.6261.95 Safari/537.36\"","module":"app","service":"video-editor","timestamp":"2025-03-24 02:28:12"}
{"level":"info","message":"成功连接到SQLite数据库","module":"database","service":"video-editor","timestamp":"2025-03-24 02:28:29"}
{"level":"info","message":"服务器运行在端口: 3000","module":"app","service":"video-editor","timestamp":"2025-03-24 02:28:29"}
{"level":"info","message":"::1 - - [23/Mar/2025:18:28:30 +0000] \"GET /admin/? HTTP/1.1\" 304 - \"-\" \"Mozilla/5.0 (Windows NT 10.0; Win64; x64) AppleWebKit/537.36 (KHTML, like Gecko) Chrome/122.0.6261.95 Safari/537.36\"","module":"app","service":"video-editor","timestamp":"2025-03-24 02:28:30"}
{"level":"info","message":"::1 - - [23/Mar/2025:18:28:30 +0000] \"GET /admin/login.js HTTP/1.1\" 304 - \"-\" \"Mozilla/5.0 (Windows NT 10.0; Win64; x64) AppleWebKit/537.36 (KHTML, like Gecko) Chrome/122.0.6261.95 Safari/537.36\"","module":"app","service":"video-editor","timestamp":"2025-03-24 02:28:30"}
{"level":"info","message":"用户登录成功: admin, ID: 1","module":"auth-controller","service":"video-editor","timestamp":"2025-03-24 02:28:38"}
{"level":"info","message":"::1 - - [23/Mar/2025:18:28:38 +0000] \"POST /api/auth/login HTTP/1.1\" 200 154 \"-\" \"Mozilla/5.0 (Windows NT 10.0; Win64; x64) AppleWebKit/537.36 (KHTML, like Gecko) Chrome/122.0.6261.95 Safari/537.36\"","module":"app","service":"video-editor","timestamp":"2025-03-24 02:28:38"}
{"level":"info","message":"::1 - - [23/Mar/2025:18:28:38 +0000] \"GET /admin/dashboard.html HTTP/1.1\" 200 7440 \"-\" \"Mozilla/5.0 (Windows NT 10.0; Win64; x64) AppleWebKit/537.36 (KHTML, like Gecko) Chrome/122.0.6261.95 Safari/537.36\"","module":"app","service":"video-editor","timestamp":"2025-03-24 02:28:38"}
{"level":"info","message":"::1 - - [23/Mar/2025:18:28:39 +0000] \"GET /api/auth/me HTTP/1.1\" 200 129 \"-\" \"Mozilla/5.0 (Windows NT 10.0; Win64; x64) AppleWebKit/537.36 (KHTML, like Gecko) Chrome/122.0.6261.95 Safari/537.36\"","module":"app","service":"video-editor","timestamp":"2025-03-24 02:28:39"}
{"level":"info","message":"成功连接到SQLite数据库","module":"database","service":"video-editor","timestamp":"2025-03-24 02:30:42"}
{"level":"info","message":"服务器运行在端口: 3000","module":"app","service":"video-editor","timestamp":"2025-03-24 02:30:42"}
{"level":"info","message":"::1 - - [23/Mar/2025:18:30:42 +0000] \"GET /admin/dashboard.html HTTP/1.1\" 304 - \"-\" \"Mozilla/5.0 (Windows NT 10.0; Win64; x64) AppleWebKit/537.36 (KHTML, like Gecko) Chrome/122.0.6261.95 Safari/537.36\"","module":"app","service":"video-editor","timestamp":"2025-03-24 02:30:42"}
{"level":"info","message":"::1 - - [23/Mar/2025:18:30:43 +0000] \"GET /api/auth/me HTTP/1.1\" 401 39 \"-\" \"Mozilla/5.0 (Windows NT 10.0; Win64; x64) AppleWebKit/537.36 (KHTML, like Gecko) Chrome/122.0.6261.95 Safari/537.36\"","module":"app","service":"video-editor","timestamp":"2025-03-24 02:30:43"}
{"level":"info","message":"::1 - - [23/Mar/2025:18:30:43 +0000] \"GET /admin/ HTTP/1.1\" 200 2854 \"-\" \"Mozilla/5.0 (Windows NT 10.0; Win64; x64) AppleWebKit/537.36 (KHTML, like Gecko) Chrome/122.0.6261.95 Safari/537.36\"","module":"app","service":"video-editor","timestamp":"2025-03-24 02:30:43"}
{"level":"info","message":"::1 - - [23/Mar/2025:18:30:43 +0000] \"GET /admin/login.js HTTP/1.1\" 304 - \"-\" \"Mozilla/5.0 (Windows NT 10.0; Win64; x64) AppleWebKit/537.36 (KHTML, like Gecko) Chrome/122.0.6261.95 Safari/537.36\"","module":"app","service":"video-editor","timestamp":"2025-03-24 02:30:43"}
{"level":"info","message":"用户登录成功: admin, ID: 1","module":"auth-controller","service":"video-editor","timestamp":"2025-03-24 02:30:51"}
{"level":"info","message":"::1 - - [23/Mar/2025:18:30:51 +0000] \"POST /api/auth/login HTTP/1.1\" 200 154 \"-\" \"Mozilla/5.0 (Windows NT 10.0; Win64; x64) AppleWebKit/537.36 (KHTML, like Gecko) Chrome/122.0.6261.95 Safari/537.36\"","module":"app","service":"video-editor","timestamp":"2025-03-24 02:30:51"}
{"level":"info","message":"::1 - - [23/Mar/2025:18:30:51 +0000] \"GET /admin/dashboard.html HTTP/1.1\" 304 - \"-\" \"Mozilla/5.0 (Windows NT 10.0; Win64; x64) AppleWebKit/537.36 (KHTML, like Gecko) Chrome/122.0.6261.95 Safari/537.36\"","module":"app","service":"video-editor","timestamp":"2025-03-24 02:30:51"}
{"level":"info","message":"::1 - - [23/Mar/2025:18:30:52 +0000] \"GET /api/auth/me HTTP/1.1\" 304 - \"-\" \"Mozilla/5.0 (Windows NT 10.0; Win64; x64) AppleWebKit/537.36 (KHTML, like Gecko) Chrome/122.0.6261.95 Safari/537.36\"","module":"app","service":"video-editor","timestamp":"2025-03-24 02:30:52"}
{"level":"info","message":"成功连接到SQLite数据库","module":"database","service":"video-editor","timestamp":"2025-03-24 02:49:15"}
{"level":"info","message":"服务器运行在端口: 3000","module":"app","service":"video-editor","timestamp":"2025-03-24 02:49:15"}
{"level":"info","message":"::1 - - [23/Mar/2025:18:49:18 +0000] \"GET /admin/dashboard.html HTTP/1.1\" 200 17836 \"-\" \"Mozilla/5.0 (Windows NT 10.0; Win64; x64) AppleWebKit/537.36 (KHTML, like Gecko) Chrome/122.0.6261.95 Safari/537.36\"","module":"app","service":"video-editor","timestamp":"2025-03-24 02:49:18"}
{"level":"info","message":"::1 - - [23/Mar/2025:18:49:18 +0000] \"GET /admin/css/style.css HTTP/1.1\" 200 6700 \"-\" \"Mozilla/5.0 (Windows NT 10.0; Win64; x64) AppleWebKit/537.36 (KHTML, like Gecko) Chrome/122.0.6261.95 Safari/537.36\"","module":"app","service":"video-editor","timestamp":"2025-03-24 02:49:18"}
{"level":"info","message":"::1 - - [23/Mar/2025:18:49:18 +0000] \"GET /api/auth/me HTTP/1.1\" 401 39 \"-\" \"Mozilla/5.0 (Windows NT 10.0; Win64; x64) AppleWebKit/537.36 (KHTML, like Gecko) Chrome/122.0.6261.95 Safari/537.36\"","module":"app","service":"video-editor","timestamp":"2025-03-24 02:49:18"}
{"level":"info","message":"::1 - - [23/Mar/2025:18:49:18 +0000] \"GET /admin/index.html HTTP/1.1\" 200 2854 \"-\" \"Mozilla/5.0 (Windows NT 10.0; Win64; x64) AppleWebKit/537.36 (KHTML, like Gecko) Chrome/122.0.6261.95 Safari/537.36\"","module":"app","service":"video-editor","timestamp":"2025-03-24 02:49:18"}
{"level":"info","message":"::1 - - [23/Mar/2025:18:49:19 +0000] \"GET /admin/login.js HTTP/1.1\" 304 - \"-\" \"Mozilla/5.0 (Windows NT 10.0; Win64; x64) AppleWebKit/537.36 (KHTML, like Gecko) Chrome/122.0.6261.95 Safari/537.36\"","module":"app","service":"video-editor","timestamp":"2025-03-24 02:49:19"}
{"level":"info","message":"用户登录成功: admin, ID: 1","module":"auth-controller","service":"video-editor","timestamp":"2025-03-24 02:49:26"}
{"level":"info","message":"::1 - - [23/Mar/2025:18:49:26 +0000] \"POST /api/auth/login HTTP/1.1\" 200 154 \"-\" \"Mozilla/5.0 (Windows NT 10.0; Win64; x64) AppleWebKit/537.36 (KHTML, like Gecko) Chrome/122.0.6261.95 Safari/537.36\"","module":"app","service":"video-editor","timestamp":"2025-03-24 02:49:26"}
{"level":"info","message":"::1 - - [23/Mar/2025:18:49:26 +0000] \"GET /admin/dashboard.html HTTP/1.1\" 304 - \"-\" \"Mozilla/5.0 (Windows NT 10.0; Win64; x64) AppleWebKit/537.36 (KHTML, like Gecko) Chrome/122.0.6261.95 Safari/537.36\"","module":"app","service":"video-editor","timestamp":"2025-03-24 02:49:26"}
{"level":"info","message":"::1 - - [23/Mar/2025:18:49:27 +0000] \"GET /admin/css/style.css HTTP/1.1\" 304 - \"-\" \"Mozilla/5.0 (Windows NT 10.0; Win64; x64) AppleWebKit/537.36 (KHTML, like Gecko) Chrome/122.0.6261.95 Safari/537.36\"","module":"app","service":"video-editor","timestamp":"2025-03-24 02:49:27"}
{"level":"info","message":"::1 - - [23/Mar/2025:18:49:27 +0000] \"GET /api/auth/me HTTP/1.1\" 304 - \"-\" \"Mozilla/5.0 (Windows NT 10.0; Win64; x64) AppleWebKit/537.36 (KHTML, like Gecko) Chrome/122.0.6261.95 Safari/537.36\"","module":"app","service":"video-editor","timestamp":"2025-03-24 02:49:27"}
{"level":"info","message":"::1 - - [23/Mar/2025:18:49:27 +0000] \"GET /api/stats HTTP/1.1\" 404 148 \"-\" \"Mozilla/5.0 (Windows NT 10.0; Win64; x64) AppleWebKit/537.36 (KHTML, like Gecko) Chrome/122.0.6261.95 Safari/537.36\"","module":"app","service":"video-editor","timestamp":"2025-03-24 02:49:27"}
{"level":"info","message":"::1 - - [23/Mar/2025:18:49:27 +0000] \"GET /api/videos?page=1&limit=5&sort=created_at:desc HTTP/1.1\" 404 149 \"-\" \"Mozilla/5.0 (Windows NT 10.0; Win64; x64) AppleWebKit/537.36 (KHTML, like Gecko) Chrome/122.0.6261.95 Safari/537.36\"","module":"app","service":"video-editor","timestamp":"2025-03-24 02:49:27"}
{"level":"info","message":"::1 - - [23/Mar/2025:18:49:27 +0000] \"GET /api/system/info HTTP/1.1\" 404 154 \"-\" \"Mozilla/5.0 (Windows NT 10.0; Win64; x64) AppleWebKit/537.36 (KHTML, like Gecko) Chrome/122.0.6261.95 Safari/537.36\"","module":"app","service":"video-editor","timestamp":"2025-03-24 02:49:27"}
{"level":"info","message":"::1 - - [23/Mar/2025:18:49:27 +0000] \"GET /api/users?page=1&limit=5&sort=created_at:desc HTTP/1.1\" 200 246 \"-\" \"Mozilla/5.0 (Windows NT 10.0; Win64; x64) AppleWebKit/537.36 (KHTML, like Gecko) Chrome/122.0.6261.95 Safari/537.36\"","module":"app","service":"video-editor","timestamp":"2025-03-24 02:49:27"}
{"level":"info","message":"::1 - - [23/Mar/2025:18:49:28 +0000] \"GET /admin/users.html HTTP/1.1\" 200 9918 \"-\" \"Mozilla/5.0 (Windows NT 10.0; Win64; x64) AppleWebKit/537.36 (KHTML, like Gecko) Chrome/122.0.6261.95 Safari/537.36\"","module":"app","service":"video-editor","timestamp":"2025-03-24 02:49:28"}
{"level":"info","message":"::1 - - [23/Mar/2025:18:49:28 +0000] \"GET /admin/css/style.css HTTP/1.1\" 304 - \"-\" \"Mozilla/5.0 (Windows NT 10.0; Win64; x64) AppleWebKit/537.36 (KHTML, like Gecko) Chrome/122.0.6261.95 Safari/537.36\"","module":"app","service":"video-editor","timestamp":"2025-03-24 02:49:28"}
{"level":"info","message":"::1 - - [23/Mar/2025:18:49:28 +0000] \"GET /api/auth/me HTTP/1.1\" 304 - \"-\" \"Mozilla/5.0 (Windows NT 10.0; Win64; x64) AppleWebKit/537.36 (KHTML, like Gecko) Chrome/122.0.6261.95 Safari/537.36\"","module":"app","service":"video-editor","timestamp":"2025-03-24 02:49:28"}
{"level":"info","message":"::1 - - [23/Mar/2025:18:49:28 +0000] \"GET /api/users?page=1&limit=10 HTTP/1.1\" 200 247 \"-\" \"Mozilla/5.0 (Windows NT 10.0; Win64; x64) AppleWebKit/537.36 (KHTML, like Gecko) Chrome/122.0.6261.95 Safari/537.36\"","module":"app","service":"video-editor","timestamp":"2025-03-24 02:49:28"}
{"level":"info","message":"::1 - - [23/Mar/2025:18:49:29 +0000] \"GET /admin/videos.html HTTP/1.1\" 200 10545 \"-\" \"Mozilla/5.0 (Windows NT 10.0; Win64; x64) AppleWebKit/537.36 (KHTML, like Gecko) Chrome/122.0.6261.95 Safari/537.36\"","module":"app","service":"video-editor","timestamp":"2025-03-24 02:49:29"}
{"level":"info","message":"::1 - - [23/Mar/2025:18:49:29 +0000] \"GET /admin/css/style.css HTTP/1.1\" 304 - \"-\" \"Mozilla/5.0 (Windows NT 10.0; Win64; x64) AppleWebKit/537.36 (KHTML, like Gecko) Chrome/122.0.6261.95 Safari/537.36\"","module":"app","service":"video-editor","timestamp":"2025-03-24 02:49:29"}
{"level":"info","message":"::1 - - [23/Mar/2025:18:49:29 +0000] \"GET /api/auth/me HTTP/1.1\" 304 - \"-\" \"Mozilla/5.0 (Windows NT 10.0; Win64; x64) AppleWebKit/537.36 (KHTML, like Gecko) Chrome/122.0.6261.95 Safari/537.36\"","module":"app","service":"video-editor","timestamp":"2025-03-24 02:49:29"}
{"level":"info","message":"::1 - - [23/Mar/2025:18:49:29 +0000] \"GET /api/videos?page=1&limit=10 HTTP/1.1\" 404 149 \"-\" \"Mozilla/5.0 (Windows NT 10.0; Win64; x64) AppleWebKit/537.36 (KHTML, like Gecko) Chrome/122.0.6261.95 Safari/537.36\"","module":"app","service":"video-editor","timestamp":"2025-03-24 02:49:29"}
{"level":"info","message":"::1 - - [23/Mar/2025:18:49:30 +0000] \"GET /admin/templates.html HTTP/1.1\" 200 20092 \"-\" \"Mozilla/5.0 (Windows NT 10.0; Win64; x64) AppleWebKit/537.36 (KHTML, like Gecko) Chrome/122.0.6261.95 Safari/537.36\"","module":"app","service":"video-editor","timestamp":"2025-03-24 02:49:30"}
{"level":"info","message":"::1 - - [23/Mar/2025:18:49:30 +0000] \"GET /admin/css/style.css HTTP/1.1\" 304 - \"-\" \"Mozilla/5.0 (Windows NT 10.0; Win64; x64) AppleWebKit/537.36 (KHTML, like Gecko) Chrome/122.0.6261.95 Safari/537.36\"","module":"app","service":"video-editor","timestamp":"2025-03-24 02:49:30"}
{"level":"info","message":"::1 - - [23/Mar/2025:18:49:30 +0000] \"GET /api/auth/me HTTP/1.1\" 304 - \"-\" \"Mozilla/5.0 (Windows NT 10.0; Win64; x64) AppleWebKit/537.36 (KHTML, like Gecko) Chrome/122.0.6261.95 Safari/537.36\"","module":"app","service":"video-editor","timestamp":"2025-03-24 02:49:30"}
{"level":"info","message":"::1 - - [23/Mar/2025:18:49:30 +0000] \"GET /api/categories HTTP/1.1\" 200 26 \"-\" \"Mozilla/5.0 (Windows NT 10.0; Win64; x64) AppleWebKit/537.36 (KHTML, like Gecko) Chrome/122.0.6261.95 Safari/537.36\"","module":"app","service":"video-editor","timestamp":"2025-03-24 02:49:30"}
{"level":"info","message":"::1 - - [23/Mar/2025:18:49:30 +0000] \"GET /api/templates?page=1&limit=10 HTTP/1.1\" 200 100 \"-\" \"Mozilla/5.0 (Windows NT 10.0; Win64; x64) AppleWebKit/537.36 (KHTML, like Gecko) Chrome/122.0.6261.95 Safari/537.36\"","module":"app","service":"video-editor","timestamp":"2025-03-24 02:49:30"}
{"level":"info","message":"::1 - - [23/Mar/2025:18:49:31 +0000] \"GET /admin/categories.html HTTP/1.1\" 200 12749 \"-\" \"Mozilla/5.0 (Windows NT 10.0; Win64; x64) AppleWebKit/537.36 (KHTML, like Gecko) Chrome/122.0.6261.95 Safari/537.36\"","module":"app","service":"video-editor","timestamp":"2025-03-24 02:49:31"}
{"level":"info","message":"::1 - - [23/Mar/2025:18:49:31 +0000] \"GET /admin/css/style.css HTTP/1.1\" 304 - \"-\" \"Mozilla/5.0 (Windows NT 10.0; Win64; x64) AppleWebKit/537.36 (KHTML, like Gecko) Chrome/122.0.6261.95 Safari/537.36\"","module":"app","service":"video-editor","timestamp":"2025-03-24 02:49:31"}
{"level":"info","message":"::1 - - [23/Mar/2025:18:49:31 +0000] \"GET /api/auth/me HTTP/1.1\" 304 - \"-\" \"Mozilla/5.0 (Windows NT 10.0; Win64; x64) AppleWebKit/537.36 (KHTML, like Gecko) Chrome/122.0.6261.95 Safari/537.36\"","module":"app","service":"video-editor","timestamp":"2025-03-24 02:49:31"}
{"level":"info","message":"::1 - - [23/Mar/2025:18:49:31 +0000] \"GET /api/categories HTTP/1.1\" 304 - \"-\" \"Mozilla/5.0 (Windows NT 10.0; Win64; x64) AppleWebKit/537.36 (KHTML, like Gecko) Chrome/122.0.6261.95 Safari/537.36\"","module":"app","service":"video-editor","timestamp":"2025-03-24 02:49:31"}
{"level":"info","message":"::1 - - [23/Mar/2025:18:49:31 +0000] \"GET /admin/settings.html HTTP/1.1\" 200 12983 \"-\" \"Mozilla/5.0 (Windows NT 10.0; Win64; x64) AppleWebKit/537.36 (KHTML, like Gecko) Chrome/122.0.6261.95 Safari/537.36\"","module":"app","service":"video-editor","timestamp":"2025-03-24 02:49:31"}
{"level":"info","message":"::1 - - [23/Mar/2025:18:49:31 +0000] \"GET /admin/css/style.css HTTP/1.1\" 304 - \"-\" \"Mozilla/5.0 (Windows NT 10.0; Win64; x64) AppleWebKit/537.36 (KHTML, like Gecko) Chrome/122.0.6261.95 Safari/537.36\"","module":"app","service":"video-editor","timestamp":"2025-03-24 02:49:31"}
{"level":"info","message":"::1 - - [23/Mar/2025:18:49:32 +0000] \"GET /api/auth/me HTTP/1.1\" 304 - \"-\" \"Mozilla/5.0 (Windows NT 10.0; Win64; x64) AppleWebKit/537.36 (KHTML, like Gecko) Chrome/122.0.6261.95 Safari/537.36\"","module":"app","service":"video-editor","timestamp":"2025-03-24 02:49:32"}
{"level":"info","message":"::1 - - [23/Mar/2025:18:49:32 +0000] \"GET /api/settings HTTP/1.1\" 404 151 \"-\" \"Mozilla/5.0 (Windows NT 10.0; Win64; x64) AppleWebKit/537.36 (KHTML, like Gecko) Chrome/122.0.6261.95 Safari/537.36\"","module":"app","service":"video-editor","timestamp":"2025-03-24 02:49:32"}
{"level":"info","message":"::1 - - [23/Mar/2025:18:49:34 +0000] \"GET /admin/categories.html HTTP/1.1\" 304 - \"-\" \"Mozilla/5.0 (Windows NT 10.0; Win64; x64) AppleWebKit/537.36 (KHTML, like Gecko) Chrome/122.0.6261.95 Safari/537.36\"","module":"app","service":"video-editor","timestamp":"2025-03-24 02:49:34"}
{"level":"info","message":"::1 - - [23/Mar/2025:18:49:34 +0000] \"GET /admin/css/style.css HTTP/1.1\" 304 - \"-\" \"Mozilla/5.0 (Windows NT 10.0; Win64; x64) AppleWebKit/537.36 (KHTML, like Gecko) Chrome/122.0.6261.95 Safari/537.36\"","module":"app","service":"video-editor","timestamp":"2025-03-24 02:49:34"}
{"level":"info","message":"::1 - - [23/Mar/2025:18:49:34 +0000] \"GET /api/auth/me HTTP/1.1\" 304 - \"-\" \"Mozilla/5.0 (Windows NT 10.0; Win64; x64) AppleWebKit/537.36 (KHTML, like Gecko) Chrome/122.0.6261.95 Safari/537.36\"","module":"app","service":"video-editor","timestamp":"2025-03-24 02:49:34"}
{"level":"info","message":"::1 - - [23/Mar/2025:18:49:34 +0000] \"GET /api/categories HTTP/1.1\" 304 - \"-\" \"Mozilla/5.0 (Windows NT 10.0; Win64; x64) AppleWebKit/537.36 (KHTML, like Gecko) Chrome/122.0.6261.95 Safari/537.36\"","module":"app","service":"video-editor","timestamp":"2025-03-24 02:49:34"}
{"level":"info","message":"::1 - - [23/Mar/2025:18:49:34 +0000] \"GET /admin/templates.html HTTP/1.1\" 304 - \"-\" \"Mozilla/5.0 (Windows NT 10.0; Win64; x64) AppleWebKit/537.36 (KHTML, like Gecko) Chrome/122.0.6261.95 Safari/537.36\"","module":"app","service":"video-editor","timestamp":"2025-03-24 02:49:34"}
{"level":"info","message":"::1 - - [23/Mar/2025:18:49:34 +0000] \"GET /admin/css/style.css HTTP/1.1\" 304 - \"-\" \"Mozilla/5.0 (Windows NT 10.0; Win64; x64) AppleWebKit/537.36 (KHTML, like Gecko) Chrome/122.0.6261.95 Safari/537.36\"","module":"app","service":"video-editor","timestamp":"2025-03-24 02:49:34"}
{"level":"info","message":"::1 - - [23/Mar/2025:18:49:35 +0000] \"GET /api/auth/me HTTP/1.1\" 304 - \"-\" \"Mozilla/5.0 (Windows NT 10.0; Win64; x64) AppleWebKit/537.36 (KHTML, like Gecko) Chrome/122.0.6261.95 Safari/537.36\"","module":"app","service":"video-editor","timestamp":"2025-03-24 02:49:35"}
{"level":"info","message":"::1 - - [23/Mar/2025:18:49:35 +0000] \"GET /api/categories HTTP/1.1\" 304 - \"-\" \"Mozilla/5.0 (Windows NT 10.0; Win64; x64) AppleWebKit/537.36 (KHTML, like Gecko) Chrome/122.0.6261.95 Safari/537.36\"","module":"app","service":"video-editor","timestamp":"2025-03-24 02:49:35"}
{"level":"info","message":"::1 - - [23/Mar/2025:18:49:35 +0000] \"GET /api/templates?page=1&limit=10 HTTP/1.1\" 304 - \"-\" \"Mozilla/5.0 (Windows NT 10.0; Win64; x64) AppleWebKit/537.36 (KHTML, like Gecko) Chrome/122.0.6261.95 Safari/537.36\"","module":"app","service":"video-editor","timestamp":"2025-03-24 02:49:35"}
{"level":"info","message":"::1 - - [23/Mar/2025:18:49:36 +0000] \"GET /admin/videos.html HTTP/1.1\" 304 - \"-\" \"Mozilla/5.0 (Windows NT 10.0; Win64; x64) AppleWebKit/537.36 (KHTML, like Gecko) Chrome/122.0.6261.95 Safari/537.36\"","module":"app","service":"video-editor","timestamp":"2025-03-24 02:49:36"}
{"level":"info","message":"::1 - - [23/Mar/2025:18:49:36 +0000] \"GET /admin/css/style.css HTTP/1.1\" 304 - \"-\" \"Mozilla/5.0 (Windows NT 10.0; Win64; x64) AppleWebKit/537.36 (KHTML, like Gecko) Chrome/122.0.6261.95 Safari/537.36\"","module":"app","service":"video-editor","timestamp":"2025-03-24 02:49:36"}
{"level":"info","message":"::1 - - [23/Mar/2025:18:49:36 +0000] \"GET /api/auth/me HTTP/1.1\" 304 - \"-\" \"Mozilla/5.0 (Windows NT 10.0; Win64; x64) AppleWebKit/537.36 (KHTML, like Gecko) Chrome/122.0.6261.95 Safari/537.36\"","module":"app","service":"video-editor","timestamp":"2025-03-24 02:49:36"}
{"level":"info","message":"::1 - - [23/Mar/2025:18:49:36 +0000] \"GET /api/videos?page=1&limit=10 HTTP/1.1\" 404 149 \"-\" \"Mozilla/5.0 (Windows NT 10.0; Win64; x64) AppleWebKit/537.36 (KHTML, like Gecko) Chrome/122.0.6261.95 Safari/537.36\"","module":"app","service":"video-editor","timestamp":"2025-03-24 02:49:36"}
{"level":"info","message":"::1 - - [23/Mar/2025:18:49:37 +0000] \"GET /admin/users.html HTTP/1.1\" 304 - \"-\" \"Mozilla/5.0 (Windows NT 10.0; Win64; x64) AppleWebKit/537.36 (KHTML, like Gecko) Chrome/122.0.6261.95 Safari/537.36\"","module":"app","service":"video-editor","timestamp":"2025-03-24 02:49:37"}
{"level":"info","message":"::1 - - [23/Mar/2025:18:49:37 +0000] \"GET /admin/css/style.css HTTP/1.1\" 304 - \"-\" \"Mozilla/5.0 (Windows NT 10.0; Win64; x64) AppleWebKit/537.36 (KHTML, like Gecko) Chrome/122.0.6261.95 Safari/537.36\"","module":"app","service":"video-editor","timestamp":"2025-03-24 02:49:37"}
{"level":"info","message":"::1 - - [23/Mar/2025:18:49:37 +0000] \"GET /api/auth/me HTTP/1.1\" 304 - \"-\" \"Mozilla/5.0 (Windows NT 10.0; Win64; x64) AppleWebKit/537.36 (KHTML, like Gecko) Chrome/122.0.6261.95 Safari/537.36\"","module":"app","service":"video-editor","timestamp":"2025-03-24 02:49:37"}
{"level":"info","message":"::1 - - [23/Mar/2025:18:49:37 +0000] \"GET /api/users?page=1&limit=10 HTTP/1.1\" 304 - \"-\" \"Mozilla/5.0 (Windows NT 10.0; Win64; x64) AppleWebKit/537.36 (KHTML, like Gecko) Chrome/122.0.6261.95 Safari/537.36\"","module":"app","service":"video-editor","timestamp":"2025-03-24 02:49:37"}
{"level":"info","message":"::1 - - [23/Mar/2025:18:49:38 +0000] \"GET /admin/templates.html HTTP/1.1\" 304 - \"-\" \"Mozilla/5.0 (Windows NT 10.0; Win64; x64) AppleWebKit/537.36 (KHTML, like Gecko) Chrome/122.0.6261.95 Safari/537.36\"","module":"app","service":"video-editor","timestamp":"2025-03-24 02:49:38"}
{"level":"info","message":"::1 - - [23/Mar/2025:18:49:38 +0000] \"GET /admin/css/style.css HTTP/1.1\" 304 - \"-\" \"Mozilla/5.0 (Windows NT 10.0; Win64; x64) AppleWebKit/537.36 (KHTML, like Gecko) Chrome/122.0.6261.95 Safari/537.36\"","module":"app","service":"video-editor","timestamp":"2025-03-24 02:49:38"}
{"level":"info","message":"::1 - - [23/Mar/2025:18:49:38 +0000] \"GET /api/auth/me HTTP/1.1\" 304 - \"-\" \"Mozilla/5.0 (Windows NT 10.0; Win64; x64) AppleWebKit/537.36 (KHTML, like Gecko) Chrome/122.0.6261.95 Safari/537.36\"","module":"app","service":"video-editor","timestamp":"2025-03-24 02:49:38"}
{"level":"info","message":"::1 - - [23/Mar/2025:18:49:38 +0000] \"GET /api/categories HTTP/1.1\" 304 - \"-\" \"Mozilla/5.0 (Windows NT 10.0; Win64; x64) AppleWebKit/537.36 (KHTML, like Gecko) Chrome/122.0.6261.95 Safari/537.36\"","module":"app","service":"video-editor","timestamp":"2025-03-24 02:49:38"}
{"level":"info","message":"::1 - - [23/Mar/2025:18:49:38 +0000] \"GET /api/templates?page=1&limit=10 HTTP/1.1\" 304 - \"-\" \"Mozilla/5.0 (Windows NT 10.0; Win64; x64) AppleWebKit/537.36 (KHTML, like Gecko) Chrome/122.0.6261.95 Safari/537.36\"","module":"app","service":"video-editor","timestamp":"2025-03-24 02:49:38"}
{"level":"info","message":"成功连接到SQLite数据库","module":"database","service":"video-editor","timestamp":"2025-03-24 03:35:40"}
{"level":"info","message":"服务器运行在端口: 3000","module":"app","service":"video-editor","timestamp":"2025-03-24 03:35:40"}
{"level":"info","message":"::ffff:127.0.0.1 - - [23/Mar/2025:19:43:45 +0000] \"GET /favicon.ico HTTP/1.1\" 404 150 \"http://localhost:3001/\" \"Mozilla/5.0 (Windows NT 10.0; Win64; x64) AppleWebKit/537.36 (KHTML, like Gecko) Chrome/122.0.6261.95 Safari/537.36\"","module":"app","service":"video-editor","timestamp":"2025-03-24 03:43:45"}
{"level":"info","message":"::ffff:127.0.0.1 - - [23/Mar/2025:19:43:45 +0000] \"GET /logo192.png HTTP/1.1\" 404 150 \"http://localhost:3001/\" \"Mozilla/5.0 (Windows NT 10.0; Win64; x64) AppleWebKit/537.36 (KHTML, like Gecko) Chrome/122.0.6261.95 Safari/537.36\"","module":"app","service":"video-editor","timestamp":"2025-03-24 03:43:45"}
{"level":"info","message":"::ffff:127.0.0.1 - - [23/Mar/2025:19:46:01 +0000] \"GET /logo192.png HTTP/1.1\" 404 150 \"http://localhost:3001/\" \"Mozilla/5.0 (Windows NT 10.0; Win64; x64) AppleWebKit/537.36 (KHTML, like Gecko) Chrome/122.0.6261.95 Safari/537.36\"","module":"app","service":"video-editor","timestamp":"2025-03-24 03:46:01"}
{"level":"info","message":"::ffff:127.0.0.1 - - [23/Mar/2025:19:46:06 +0000] \"GET /logo192.png HTTP/1.1\" 404 150 \"http://localhost:3001/\" \"Mozilla/5.0 (iPhone; CPU iPhone OS 16_6 like Mac OS X) AppleWebKit/605.1.15 (KHTML, like Gecko) Version/16.6 Mobile/15E148 Safari/604.1\"","module":"app","service":"video-editor","timestamp":"2025-03-24 03:46:06"}
{"level":"info","message":"成功连接到SQLite数据库","module":"database","service":"video-editor","timestamp":"2025-03-24 03:58:31"}
{"level":"info","message":"服务器运行在端口: 3000","module":"app","service":"video-editor","timestamp":"2025-03-24 03:58:31"}
{"level":"info","message":"::ffff:127.0.0.1 - - [23/Mar/2025:20:01:12 +0000] \"GET /logo192.png HTTP/1.1\" 404 150 \"http://localhost:3001/\" \"Mozilla/5.0 (Windows NT 10.0; Win64; x64) AppleWebKit/537.36 (KHTML, like Gecko) Chrome/122.0.6261.95 Safari/537.36\"","module":"app","service":"video-editor","timestamp":"2025-03-24 04:01:12"}
{"level":"info","message":"::ffff:127.0.0.1 - - [23/Mar/2025:20:20:43 +0000] \"GET /main.ef11a1b5990544bcbdce.hot-update.json HTTP/1.1\" 404 180 \"http://localhost:3001/\" \"Mozilla/5.0 (iPhone; CPU iPhone OS 16_6 like Mac OS X) AppleWebKit/605.1.15 (KHTML, like Gecko) Version/16.6 Mobile/15E148 Safari/604.1\"","module":"app","service":"video-editor","timestamp":"2025-03-24 04:20:43"}
{"level":"info","message":"::1 - - [23/Mar/2025:20:51:34 +0000] \"GET /admin/templates.html HTTP/1.1\" 304 - \"-\" \"Mozilla/5.0 (Windows NT 10.0; Win64; x64) AppleWebKit/537.36 (KHTML, like Gecko) Chrome/122.0.6261.95 Safari/537.36\"","module":"app","service":"video-editor","timestamp":"2025-03-24 04:51:34"}
{"level":"info","message":"::1 - - [23/Mar/2025:20:51:34 +0000] \"GET /admin/css/style.css HTTP/1.1\" 304 - \"-\" \"Mozilla/5.0 (Windows NT 10.0; Win64; x64) AppleWebKit/537.36 (KHTML, like Gecko) Chrome/122.0.6261.95 Safari/537.36\"","module":"app","service":"video-editor","timestamp":"2025-03-24 04:51:34"}
{"level":"info","message":"::1 - - [23/Mar/2025:20:51:36 +0000] \"GET /api/auth/me HTTP/1.1\" 401 39 \"-\" \"Mozilla/5.0 (Windows NT 10.0; Win64; x64) AppleWebKit/537.36 (KHTML, like Gecko) Chrome/122.0.6261.95 Safari/537.36\"","module":"app","service":"video-editor","timestamp":"2025-03-24 04:51:36"}
{"level":"info","message":"::1 - - [23/Mar/2025:20:51:36 +0000] \"GET /admin/index.html HTTP/1.1\" 304 - \"-\" \"Mozilla/5.0 (Windows NT 10.0; Win64; x64) AppleWebKit/537.36 (KHTML, like Gecko) Chrome/122.0.6261.95 Safari/537.36\"","module":"app","service":"video-editor","timestamp":"2025-03-24 04:51:36"}
{"level":"info","message":"::1 - - [23/Mar/2025:20:51:36 +0000] \"GET /admin/login.js HTTP/1.1\" 304 - \"-\" \"Mozilla/5.0 (Windows NT 10.0; Win64; x64) AppleWebKit/537.36 (KHTML, like Gecko) Chrome/122.0.6261.95 Safari/537.36\"","module":"app","service":"video-editor","timestamp":"2025-03-24 04:51:36"}
{"level":"info","message":"用户登录成功: admin, ID: 1","module":"auth-controller","service":"video-editor","timestamp":"2025-03-24 04:51:45"}
{"level":"info","message":"::1 - - [23/Mar/2025:20:51:45 +0000] \"POST /api/auth/login HTTP/1.1\" 200 154 \"-\" \"Mozilla/5.0 (Windows NT 10.0; Win64; x64) AppleWebKit/537.36 (KHTML, like Gecko) Chrome/122.0.6261.95 Safari/537.36\"","module":"app","service":"video-editor","timestamp":"2025-03-24 04:51:45"}
{"level":"info","message":"::1 - - [23/Mar/2025:20:51:45 +0000] \"GET /admin/dashboard.html HTTP/1.1\" 304 - \"-\" \"Mozilla/5.0 (Windows NT 10.0; Win64; x64) AppleWebKit/537.36 (KHTML, like Gecko) Chrome/122.0.6261.95 Safari/537.36\"","module":"app","service":"video-editor","timestamp":"2025-03-24 04:51:45"}
{"level":"info","message":"::1 - - [23/Mar/2025:20:51:45 +0000] \"GET /admin/css/style.css HTTP/1.1\" 304 - \"-\" \"Mozilla/5.0 (Windows NT 10.0; Win64; x64) AppleWebKit/537.36 (KHTML, like Gecko) Chrome/122.0.6261.95 Safari/537.36\"","module":"app","service":"video-editor","timestamp":"2025-03-24 04:51:45"}
{"level":"info","message":"::1 - - [23/Mar/2025:20:51:45 +0000] \"GET /api/auth/me HTTP/1.1\" 304 - \"-\" \"Mozilla/5.0 (Windows NT 10.0; Win64; x64) AppleWebKit/537.36 (KHTML, like Gecko) Chrome/122.0.6261.95 Safari/537.36\"","module":"app","service":"video-editor","timestamp":"2025-03-24 04:51:45"}
{"level":"info","message":"::1 - - [23/Mar/2025:20:51:45 +0000] \"GET /api/stats HTTP/1.1\" 404 148 \"-\" \"Mozilla/5.0 (Windows NT 10.0; Win64; x64) AppleWebKit/537.36 (KHTML, like Gecko) Chrome/122.0.6261.95 Safari/537.36\"","module":"app","service":"video-editor","timestamp":"2025-03-24 04:51:45"}
{"level":"info","message":"::1 - - [23/Mar/2025:20:51:45 +0000] \"GET /api/system/info HTTP/1.1\" 404 154 \"-\" \"Mozilla/5.0 (Windows NT 10.0; Win64; x64) AppleWebKit/537.36 (KHTML, like Gecko) Chrome/122.0.6261.95 Safari/537.36\"","module":"app","service":"video-editor","timestamp":"2025-03-24 04:51:45"}
{"level":"info","message":"::1 - - [23/Mar/2025:20:51:45 +0000] \"GET /api/videos?page=1&limit=5&sort=created_at:desc HTTP/1.1\" 404 149 \"-\" \"Mozilla/5.0 (Windows NT 10.0; Win64; x64) AppleWebKit/537.36 (KHTML, like Gecko) Chrome/122.0.6261.95 Safari/537.36\"","module":"app","service":"video-editor","timestamp":"2025-03-24 04:51:45"}
{"level":"info","message":"::1 - - [23/Mar/2025:20:51:45 +0000] \"GET /api/users?page=1&limit=5&sort=created_at:desc HTTP/1.1\" 304 - \"-\" \"Mozilla/5.0 (Windows NT 10.0; Win64; x64) AppleWebKit/537.36 (KHTML, like Gecko) Chrome/122.0.6261.95 Safari/537.36\"","module":"app","service":"video-editor","timestamp":"2025-03-24 04:51:45"}
{"level":"info","message":"::1 - - [23/Mar/2025:20:51:46 +0000] \"GET /admin/users.html HTTP/1.1\" 304 - \"-\" \"Mozilla/5.0 (Windows NT 10.0; Win64; x64) AppleWebKit/537.36 (KHTML, like Gecko) Chrome/122.0.6261.95 Safari/537.36\"","module":"app","service":"video-editor","timestamp":"2025-03-24 04:51:46"}
{"level":"info","message":"::1 - - [23/Mar/2025:20:51:46 +0000] \"GET /admin/css/style.css HTTP/1.1\" 304 - \"-\" \"Mozilla/5.0 (Windows NT 10.0; Win64; x64) AppleWebKit/537.36 (KHTML, like Gecko) Chrome/122.0.6261.95 Safari/537.36\"","module":"app","service":"video-editor","timestamp":"2025-03-24 04:51:46"}
{"level":"info","message":"::1 - - [23/Mar/2025:20:51:46 +0000] \"GET /api/auth/me HTTP/1.1\" 304 - \"-\" \"Mozilla/5.0 (Windows NT 10.0; Win64; x64) AppleWebKit/537.36 (KHTML, like Gecko) Chrome/122.0.6261.95 Safari/537.36\"","module":"app","service":"video-editor","timestamp":"2025-03-24 04:51:46"}
{"level":"info","message":"::1 - - [23/Mar/2025:20:51:46 +0000] \"GET /api/users?page=1&limit=10 HTTP/1.1\" 304 - \"-\" \"Mozilla/5.0 (Windows NT 10.0; Win64; x64) AppleWebKit/537.36 (KHTML, like Gecko) Chrome/122.0.6261.95 Safari/537.36\"","module":"app","service":"video-editor","timestamp":"2025-03-24 04:51:46"}
{"level":"info","message":"::1 - - [23/Mar/2025:20:51:47 +0000] \"GET /admin/dashboard.html HTTP/1.1\" 304 - \"-\" \"Mozilla/5.0 (Windows NT 10.0; Win64; x64) AppleWebKit/537.36 (KHTML, like Gecko) Chrome/122.0.6261.95 Safari/537.36\"","module":"app","service":"video-editor","timestamp":"2025-03-24 04:51:47"}
{"level":"info","message":"::1 - - [23/Mar/2025:20:51:47 +0000] \"GET /admin/css/style.css HTTP/1.1\" 304 - \"-\" \"Mozilla/5.0 (Windows NT 10.0; Win64; x64) AppleWebKit/537.36 (KHTML, like Gecko) Chrome/122.0.6261.95 Safari/537.36\"","module":"app","service":"video-editor","timestamp":"2025-03-24 04:51:47"}
{"level":"info","message":"::1 - - [23/Mar/2025:20:51:48 +0000] \"GET /api/auth/me HTTP/1.1\" 304 - \"-\" \"Mozilla/5.0 (Windows NT 10.0; Win64; x64) AppleWebKit/537.36 (KHTML, like Gecko) Chrome/122.0.6261.95 Safari/537.36\"","module":"app","service":"video-editor","timestamp":"2025-03-24 04:51:48"}
{"level":"info","message":"::1 - - [23/Mar/2025:20:51:48 +0000] \"GET /api/stats HTTP/1.1\" 404 148 \"-\" \"Mozilla/5.0 (Windows NT 10.0; Win64; x64) AppleWebKit/537.36 (KHTML, like Gecko) Chrome/122.0.6261.95 Safari/537.36\"","module":"app","service":"video-editor","timestamp":"2025-03-24 04:51:48"}
{"level":"info","message":"::1 - - [23/Mar/2025:20:51:48 +0000] \"GET /api/videos?page=1&limit=5&sort=created_at:desc HTTP/1.1\" 404 149 \"-\" \"Mozilla/5.0 (Windows NT 10.0; Win64; x64) AppleWebKit/537.36 (KHTML, like Gecko) Chrome/122.0.6261.95 Safari/537.36\"","module":"app","service":"video-editor","timestamp":"2025-03-24 04:51:48"}
{"level":"info","message":"::1 - - [23/Mar/2025:20:51:48 +0000] \"GET /api/system/info HTTP/1.1\" 404 154 \"-\" \"Mozilla/5.0 (Windows NT 10.0; Win64; x64) AppleWebKit/537.36 (KHTML, like Gecko) Chrome/122.0.6261.95 Safari/537.36\"","module":"app","service":"video-editor","timestamp":"2025-03-24 04:51:48"}
{"level":"info","message":"::1 - - [23/Mar/2025:20:51:48 +0000] \"GET /api/users?page=1&limit=5&sort=created_at:desc HTTP/1.1\" 304 - \"-\" \"Mozilla/5.0 (Windows NT 10.0; Win64; x64) AppleWebKit/537.36 (KHTML, like Gecko) Chrome/122.0.6261.95 Safari/537.36\"","module":"app","service":"video-editor","timestamp":"2025-03-24 04:51:48"}
{"level":"info","message":"::1 - - [23/Mar/2025:20:51:52 +0000] \"GET /admin/templates.html HTTP/1.1\" 304 - \"-\" \"Mozilla/5.0 (Windows NT 10.0; Win64; x64) AppleWebKit/537.36 (KHTML, like Gecko) Chrome/122.0.6261.95 Safari/537.36\"","module":"app","service":"video-editor","timestamp":"2025-03-24 04:51:52"}
{"level":"info","message":"::1 - - [23/Mar/2025:20:51:52 +0000] \"GET /admin/css/style.css HTTP/1.1\" 304 - \"-\" \"Mozilla/5.0 (Windows NT 10.0; Win64; x64) AppleWebKit/537.36 (KHTML, like Gecko) Chrome/122.0.6261.95 Safari/537.36\"","module":"app","service":"video-editor","timestamp":"2025-03-24 04:51:52"}
{"level":"info","message":"::1 - - [23/Mar/2025:20:51:52 +0000] \"GET /api/auth/me HTTP/1.1\" 304 - \"-\" \"Mozilla/5.0 (Windows NT 10.0; Win64; x64) AppleWebKit/537.36 (KHTML, like Gecko) Chrome/122.0.6261.95 Safari/537.36\"","module":"app","service":"video-editor","timestamp":"2025-03-24 04:51:52"}
{"level":"info","message":"::1 - - [23/Mar/2025:20:51:52 +0000] \"GET /api/categories HTTP/1.1\" 304 - \"-\" \"Mozilla/5.0 (Windows NT 10.0; Win64; x64) AppleWebKit/537.36 (KHTML, like Gecko) Chrome/122.0.6261.95 Safari/537.36\"","module":"app","service":"video-editor","timestamp":"2025-03-24 04:51:52"}
{"level":"info","message":"::1 - - [23/Mar/2025:20:51:52 +0000] \"GET /api/templates?page=1&limit=10 HTTP/1.1\" 304 - \"-\" \"Mozilla/5.0 (Windows NT 10.0; Win64; x64) AppleWebKit/537.36 (KHTML, like Gecko) Chrome/122.0.6261.95 Safari/537.36\"","module":"app","service":"video-editor","timestamp":"2025-03-24 04:51:52"}
{"level":"info","message":"::1 - - [23/Mar/2025:20:51:53 +0000] \"GET /admin/categories.html HTTP/1.1\" 304 - \"-\" \"Mozilla/5.0 (Windows NT 10.0; Win64; x64) AppleWebKit/537.36 (KHTML, like Gecko) Chrome/122.0.6261.95 Safari/537.36\"","module":"app","service":"video-editor","timestamp":"2025-03-24 04:51:53"}
{"level":"info","message":"::1 - - [23/Mar/2025:20:51:53 +0000] \"GET /admin/css/style.css HTTP/1.1\" 304 - \"-\" \"Mozilla/5.0 (Windows NT 10.0; Win64; x64) AppleWebKit/537.36 (KHTML, like Gecko) Chrome/122.0.6261.95 Safari/537.36\"","module":"app","service":"video-editor","timestamp":"2025-03-24 04:51:53"}
{"level":"info","message":"::1 - - [23/Mar/2025:20:51:53 +0000] \"GET /api/auth/me HTTP/1.1\" 304 - \"-\" \"Mozilla/5.0 (Windows NT 10.0; Win64; x64) AppleWebKit/537.36 (KHTML, like Gecko) Chrome/122.0.6261.95 Safari/537.36\"","module":"app","service":"video-editor","timestamp":"2025-03-24 04:51:53"}
{"level":"info","message":"::1 - - [23/Mar/2025:20:51:53 +0000] \"GET /api/categories HTTP/1.1\" 304 - \"-\" \"Mozilla/5.0 (Windows NT 10.0; Win64; x64) AppleWebKit/537.36 (KHTML, like Gecko) Chrome/122.0.6261.95 Safari/537.36\"","module":"app","service":"video-editor","timestamp":"2025-03-24 04:51:53"}
{"level":"info","message":"::1 - - [23/Mar/2025:20:51:54 +0000] \"GET /admin/settings.html HTTP/1.1\" 304 - \"-\" \"Mozilla/5.0 (Windows NT 10.0; Win64; x64) AppleWebKit/537.36 (KHTML, like Gecko) Chrome/122.0.6261.95 Safari/537.36\"","module":"app","service":"video-editor","timestamp":"2025-03-24 04:51:54"}
{"level":"info","message":"::1 - - [23/Mar/2025:20:51:54 +0000] \"GET /admin/css/style.css HTTP/1.1\" 304 - \"-\" \"Mozilla/5.0 (Windows NT 10.0; Win64; x64) AppleWebKit/537.36 (KHTML, like Gecko) Chrome/122.0.6261.95 Safari/537.36\"","module":"app","service":"video-editor","timestamp":"2025-03-24 04:51:54"}
{"level":"info","message":"::1 - - [23/Mar/2025:20:51:54 +0000] \"GET /api/auth/me HTTP/1.1\" 304 - \"-\" \"Mozilla/5.0 (Windows NT 10.0; Win64; x64) AppleWebKit/537.36 (KHTML, like Gecko) Chrome/122.0.6261.95 Safari/537.36\"","module":"app","service":"video-editor","timestamp":"2025-03-24 04:51:54"}
{"level":"info","message":"::1 - - [23/Mar/2025:20:51:54 +0000] \"GET /api/settings HTTP/1.1\" 404 151 \"-\" \"Mozilla/5.0 (Windows NT 10.0; Win64; x64) AppleWebKit/537.36 (KHTML, like Gecko) Chrome/122.0.6261.95 Safari/537.36\"","module":"app","service":"video-editor","timestamp":"2025-03-24 04:51:54"}
{"level":"info","message":"::ffff:127.0.0.1 - - [23/Mar/2025:21:04:51 +0000] \"GET /favicon.ico HTTP/1.1\" 404 150 \"-\" \"Mozilla/5.0 (Windows NT 10.0; Win64; x64) AppleWebKit/537.36 (KHTML, like Gecko) Chrome/122.0.6261.95 Safari/537.36\"","module":"app","service":"video-editor","timestamp":"2025-03-24 05:04:51"}
{"level":"info","message":"::ffff:127.0.0.1 - - [23/Mar/2025:21:04:52 +0000] \"GET /favicon.ico HTTP/1.1\" 404 150 \"-\" \"Mozilla/5.0 (Windows NT 10.0; Win64; x64) AppleWebKit/537.36 (KHTML, like Gecko) Chrome/122.0.6261.95 Safari/537.36\"","module":"app","service":"video-editor","timestamp":"2025-03-24 05:04:52"}
{"level":"info","message":"::ffff:127.0.0.1 - - [23/Mar/2025:21:04:52 +0000] \"GET /favicon.ico HTTP/1.1\" 404 150 \"-\" \"Mozilla/5.0 (Windows NT 10.0; Win64; x64) AppleWebKit/537.36 (KHTML, like Gecko) Chrome/122.0.6261.95 Safari/537.36\"","module":"app","service":"video-editor","timestamp":"2025-03-24 05:04:52"}
{"level":"info","message":"::ffff:127.0.0.1 - - [23/Mar/2025:21:04:53 +0000] \"GET /favicon.ico HTTP/1.1\" 404 150 \"-\" \"Mozilla/5.0 (Windows NT 10.0; Win64; x64) AppleWebKit/537.36 (KHTML, like Gecko) Chrome/122.0.6261.95 Safari/537.36\"","module":"app","service":"video-editor","timestamp":"2025-03-24 05:04:53"}
{"level":"info","message":"::ffff:127.0.0.1 - - [23/Mar/2025:21:04:54 +0000] \"GET /favicon.ico HTTP/1.1\" 404 150 \"-\" \"Mozilla/5.0 (Windows NT 10.0; Win64; x64) AppleWebKit/537.36 (KHTML, like Gecko) Chrome/122.0.6261.95 Safari/537.36\"","module":"app","service":"video-editor","timestamp":"2025-03-24 05:04:54"}
{"level":"info","message":"::ffff:127.0.0.1 - - [23/Mar/2025:21:04:54 +0000] \"GET /favicon.ico HTTP/1.1\" 404 150 \"-\" \"Mozilla/5.0 (Windows NT 10.0; Win64; x64) AppleWebKit/537.36 (KHTML, like Gecko) Chrome/122.0.6261.95 Safari/537.36\"","module":"app","service":"video-editor","timestamp":"2025-03-24 05:04:54"}
{"level":"info","message":"::ffff:127.0.0.1 - - [23/Mar/2025:21:04:55 +0000] \"GET /favicon.ico HTTP/1.1\" 404 150 \"-\" \"Mozilla/5.0 (Windows NT 10.0; Win64; x64) AppleWebKit/537.36 (KHTML, like Gecko) Chrome/122.0.6261.95 Safari/537.36\"","module":"app","service":"video-editor","timestamp":"2025-03-24 05:04:55"}
{"level":"info","message":"::ffff:127.0.0.1 - - [23/Mar/2025:21:04:55 +0000] \"GET /admin HTTP/1.1\" 301 155 \"-\" \"Mozilla/5.0 (Windows NT 10.0; Win64; x64) AppleWebKit/537.36 (KHTML, like Gecko) Chrome/122.0.6261.95 Safari/537.36\"","module":"app","service":"video-editor","timestamp":"2025-03-24 05:04:55"}
{"level":"info","message":"::ffff:127.0.0.1 - - [23/Mar/2025:21:04:55 +0000] \"GET /admin/ HTTP/1.1\" 200 2854 \"-\" \"Mozilla/5.0 (Windows NT 10.0; Win64; x64) AppleWebKit/537.36 (KHTML, like Gecko) Chrome/122.0.6261.95 Safari/537.36\"","module":"app","service":"video-editor","timestamp":"2025-03-24 05:04:55"}
{"level":"info","message":"::ffff:127.0.0.1 - - [23/Mar/2025:21:04:56 +0000] \"GET /admin/login.js HTTP/1.1\" 200 1839 \"-\" \"Mozilla/5.0 (Windows NT 10.0; Win64; x64) AppleWebKit/537.36 (KHTML, like Gecko) Chrome/122.0.6261.95 Safari/537.36\"","module":"app","service":"video-editor","timestamp":"2025-03-24 05:04:56"}
{"level":"info","message":"::ffff:127.0.0.1 - - [23/Mar/2025:21:04:58 +0000] \"GET /favicon.ico HTTP/1.1\" 404 150 \"-\" \"Mozilla/5.0 (Windows NT 10.0; Win64; x64) AppleWebKit/537.36 (KHTML, like Gecko) Chrome/122.0.6261.95 Safari/537.36\"","module":"app","service":"video-editor","timestamp":"2025-03-24 05:04:58"}
{"level":"info","message":"用户登录成功: admin, ID: 1","module":"auth-controller","service":"video-editor","timestamp":"2025-03-24 05:06:04"}
{"level":"info","message":"::ffff:127.0.0.1 - - [23/Mar/2025:21:06:04 +0000] \"POST /api/auth/login HTTP/1.1\" 200 154 \"-\" \"Mozilla/5.0 (Windows NT 10.0; Win64; x64) AppleWebKit/537.36 (KHTML, like Gecko) Chrome/122.0.6261.95 Safari/537.36\"","module":"app","service":"video-editor","timestamp":"2025-03-24 05:06:04"}
{"level":"info","message":"::ffff:127.0.0.1 - - [23/Mar/2025:21:06:04 +0000] \"GET /admin/dashboard.html HTTP/1.1\" 200 17836 \"-\" \"Mozilla/5.0 (Windows NT 10.0; Win64; x64) AppleWebKit/537.36 (KHTML, like Gecko) Chrome/122.0.6261.95 Safari/537.36\"","module":"app","service":"video-editor","timestamp":"2025-03-24 05:06:04"}
{"level":"info","message":"::ffff:127.0.0.1 - - [23/Mar/2025:21:06:04 +0000] \"GET /admin/css/style.css HTTP/1.1\" 200 6700 \"-\" \"Mozilla/5.0 (Windows NT 10.0; Win64; x64) AppleWebKit/537.36 (KHTML, like Gecko) Chrome/122.0.6261.95 Safari/537.36\"","module":"app","service":"video-editor","timestamp":"2025-03-24 05:06:04"}
{"level":"info","message":"::ffff:127.0.0.1 - - [23/Mar/2025:21:06:04 +0000] \"GET /api/auth/me HTTP/1.1\" 200 129 \"-\" \"Mozilla/5.0 (Windows NT 10.0; Win64; x64) AppleWebKit/537.36 (KHTML, like Gecko) Chrome/122.0.6261.95 Safari/537.36\"","module":"app","service":"video-editor","timestamp":"2025-03-24 05:06:04"}
{"level":"info","message":"::ffff:127.0.0.1 - - [23/Mar/2025:21:06:04 +0000] \"GET /api/stats HTTP/1.1\" 404 148 \"-\" \"Mozilla/5.0 (Windows NT 10.0; Win64; x64) AppleWebKit/537.36 (KHTML, like Gecko) Chrome/122.0.6261.95 Safari/537.36\"","module":"app","service":"video-editor","timestamp":"2025-03-24 05:06:04"}
{"level":"info","message":"::ffff:127.0.0.1 - - [23/Mar/2025:21:06:04 +0000] \"GET /api/videos?page=1&limit=5&sort=created_at:desc HTTP/1.1\" 404 149 \"-\" \"Mozilla/5.0 (Windows NT 10.0; Win64; x64) AppleWebKit/537.36 (KHTML, like Gecko) Chrome/122.0.6261.95 Safari/537.36\"","module":"app","service":"video-editor","timestamp":"2025-03-24 05:06:04"}
{"level":"info","message":"::ffff:127.0.0.1 - - [23/Mar/2025:21:06:04 +0000] \"GET /api/system/info HTTP/1.1\" 404 154 \"-\" \"Mozilla/5.0 (Windows NT 10.0; Win64; x64) AppleWebKit/537.36 (KHTML, like Gecko) Chrome/122.0.6261.95 Safari/537.36\"","module":"app","service":"video-editor","timestamp":"2025-03-24 05:06:04"}
{"level":"info","message":"::ffff:127.0.0.1 - - [23/Mar/2025:21:06:04 +0000] \"GET /api/users?page=1&limit=5&sort=created_at:desc HTTP/1.1\" 200 246 \"-\" \"Mozilla/5.0 (Windows NT 10.0; Win64; x64) AppleWebKit/537.36 (KHTML, like Gecko) Chrome/122.0.6261.95 Safari/537.36\"","module":"app","service":"video-editor","timestamp":"2025-03-24 05:06:04"}
{"level":"info","message":"::1 - - [23/Mar/2025:21:24:25 +0000] \"GET /api/auth/me HTTP/1.1\" 304 - \"http://localhost:8080/\" \"Mozilla/5.0 (Windows NT 10.0; Win64; x64) AppleWebKit/537.36 (KHTML, like Gecko) Chrome/122.0.6261.95 Safari/537.36\"","module":"app","service":"video-editor","timestamp":"2025-03-24 05:24:25"}
{"level":"info","message":"::1 - - [23/Mar/2025:21:24:25 +0000] \"GET /api/auth/me HTTP/1.1\" 304 - \"http://localhost:8080/\" \"Mozilla/5.0 (Windows NT 10.0; Win64; x64) AppleWebKit/537.36 (KHTML, like Gecko) Chrome/122.0.6261.95 Safari/537.36\"","module":"app","service":"video-editor","timestamp":"2025-03-24 05:24:25"}
{"level":"info","message":"::1 - - [23/Mar/2025:21:24:38 +0000] \"GET /api/auth/me HTTP/1.1\" 304 - \"http://localhost:8080/\" \"Mozilla/5.0 (iPhone; CPU iPhone OS 16_6 like Mac OS X) AppleWebKit/605.1.15 (KHTML, like Gecko) Version/16.6 Mobile/15E148 Safari/604.1\"","module":"app","service":"video-editor","timestamp":"2025-03-24 05:24:38"}
{"level":"info","message":"::1 - - [23/Mar/2025:21:24:38 +0000] \"GET /api/auth/me HTTP/1.1\" 304 - \"http://localhost:8080/\" \"Mozilla/5.0 (iPhone; CPU iPhone OS 16_6 like Mac OS X) AppleWebKit/605.1.15 (KHTML, like Gecko) Version/16.6 Mobile/15E148 Safari/604.1\"","module":"app","service":"video-editor","timestamp":"2025-03-24 05:24:38"}
{"level":"info","message":"::1 - - [23/Mar/2025:21:24:40 +0000] \"GET /api/auth/me HTTP/1.1\" 304 - \"http://localhost:8080/\" \"Mozilla/5.0 (iPhone; CPU iPhone OS 16_6 like Mac OS X) AppleWebKit/605.1.15 (KHTML, like Gecko) Version/16.6 Mobile/15E148 Safari/604.1\"","module":"app","service":"video-editor","timestamp":"2025-03-24 05:24:40"}
{"level":"info","message":"::1 - - [23/Mar/2025:21:24:40 +0000] \"GET /api/auth/me HTTP/1.1\" 304 - \"http://localhost:8080/\" \"Mozilla/5.0 (iPhone; CPU iPhone OS 16_6 like Mac OS X) AppleWebKit/605.1.15 (KHTML, like Gecko) Version/16.6 Mobile/15E148 Safari/604.1\"","module":"app","service":"video-editor","timestamp":"2025-03-24 05:24:40"}
{"level":"info","message":"::1 - - [23/Mar/2025:21:31:59 +0000] \"GET /api/auth/me HTTP/1.1\" 304 - \"http://localhost:8080/editor\" \"Mozilla/5.0 (iPhone; CPU iPhone OS 16_6 like Mac OS X) AppleWebKit/605.1.15 (KHTML, like Gecko) Version/16.6 Mobile/15E148 Safari/604.1\"","module":"app","service":"video-editor","timestamp":"2025-03-24 05:31:59"}
{"level":"info","message":"::1 - - [23/Mar/2025:21:31:59 +0000] \"GET /api/auth/me HTTP/1.1\" 304 - \"http://localhost:8080/editor\" \"Mozilla/5.0 (iPhone; CPU iPhone OS 16_6 like Mac OS X) AppleWebKit/605.1.15 (KHTML, like Gecko) Version/16.6 Mobile/15E148 Safari/604.1\"","module":"app","service":"video-editor","timestamp":"2025-03-24 05:31:59"}
{"level":"info","message":"::1 - - [23/Mar/2025:21:31:59 +0000] \"GET /api/auth/me HTTP/1.1\" 304 - \"http://localhost:8080/login\" \"Mozilla/5.0 (iPhone; CPU iPhone OS 16_6 like Mac OS X) AppleWebKit/605.1.15 (KHTML, like Gecko) Version/16.6 Mobile/15E148 Safari/604.1\"","module":"app","service":"video-editor","timestamp":"2025-03-24 05:31:59"}
{"level":"info","message":"::1 - - [23/Mar/2025:21:31:59 +0000] \"GET /api/auth/me HTTP/1.1\" 304 - \"http://localhost:8080/login\" \"Mozilla/5.0 (iPhone; CPU iPhone OS 16_6 like Mac OS X) AppleWebKit/605.1.15 (KHTML, like Gecko) Version/16.6 Mobile/15E148 Safari/604.1\"","module":"app","service":"video-editor","timestamp":"2025-03-24 05:31:59"}
{"level":"info","message":"成功连接到SQLite数据库","module":"database","service":"video-editor","timestamp":"2025-03-24 05:41:11"}
{"level":"info","message":"服务器运行在端口: 3000","module":"app","service":"video-editor","timestamp":"2025-03-24 05:41:11"}
{"level":"info","message":"成功连接到SQLite数据库","module":"database","service":"video-editor","timestamp":"2025-03-24 05:46:25"}
{"level":"info","message":"服务器运行在端口: 3000","module":"app","service":"video-editor","timestamp":"2025-03-24 05:46:25"}
